1614703355471	geckodriver	INFO	Listening on 127.0.0.1:62628
1614703358677	mozrunner::runner	INFO	Running command: "C:\\Program Files\\Mozilla Firefox\\firefox.exe" "--marionette" "-foreground" "-no-remote" "-profile" "C:\\Users\\Elie\\AppData\\Local\\Temp\\rust_mozprofileEExMCv"
[GFX1-]: Killing GPU process due to IPC reply timeout
[GFX1-]: Failed as lost WebRenderBridgeChild.
[GFX1-]: Receive IPC close with reason=AbnormalShutdown

###!!! [Child][MessageChannel] Error: (msgtype=0xB50025,name=PWebRenderBridge::Msg_Shutdown) Channel error: cannot send/recv


###!!! [Parent][MessageChannel] Error: (msgtype=0x54000C,name=PGPU::Msg_UpdateVar) Channel error: cannot send/recv


###!!! [Child][MessageChannel] Error: (msgtype=0x380001,name=PCompositorManager::Msg_PCompositorBridgeConstructor) Channel error: cannot send/recv


###!!! [Child][MessageChannel] Error: (msgtype=0x37000E,name=PCompositorBridge::Msg_PCompositorWidgetConstructor) Channel error: cannot send/recv

[GFX1-]: Failed to create remote compositor

###!!! [Parent][MessageChannel] Error: (msgtype=0x54000C,name=PGPU::Msg_UpdateVar) Channel error: cannot send/recv


###!!! [Parent][MessageChannel] Error: (msgtype=0x54001C,name=PGPU::Msg_ShutdownVR) Channel error: cannot send/recv

[Parent 12336, Main Thread] WARNING: base::KillProcess refusing to terminate process handle 0: file /builds/worker/checkouts/gecko/ipc/chromium/src/base/process_util_win.cc:402

###!!! [Child][RunMessage] Error: Channel error: cannot send/recv

[GFX1-]: Receive IPC close with reason=AbnormalShutdown
[GFX1-]: Receive IPC close with reason=AbnormalShutdown
console.error: Region.jsm: "Error fetching region" (new Error("TIMEOUT", "resource://gre/modules/Region.jsm", 775))
console.error: Region.jsm: "Failed to fetch region" (new Error("TIMEOUT", "resource://gre/modules/Region.jsm", 422))
console.warn: SearchSettings: "get: No settings file exists, new profile?" (new Error("", "(unknown module)"))
1614703536348	Marionette	INFO	Listening on port 62636
JavaScript error: resource:///modules/WindowsJumpLists.jsm, line 288: TypeError: this._builder is undefined
1614703660196	Marionette	INFO	Stopped listening on port 62636
nette" "-foreground" "-no-remote" "-profile" "C:\\Users\\Elie\\AppData\\Local\\Temp\\rust_mozprofileKXjY17"
console.warn: SearchSettings: "get: No settings file exists, new profile?" (new Error("", "(unknown module)"))
console.error: Region.jsm: "Error fetching region" (new Error("TIMEOUT", "resource://gre/modules/Region.jsm", 775))
console.error: Region.jsm: "Failed to fetch region" (new Error("TIMEOUT", "resource://gre/modules/Region.jsm", 422))
1614703669716	Marionette	INFO	Listening on port 62963
1614703670634	Marionette	WARN	TLS certificate errors will be ignored for this session
console.error: (new Error("SessionFile is closed", "resource:///modules/sessionstore/SessionFile.jsm", 433))
1614716026063	Marionette	INFO	Stopped listening on port 62963
ette" "-foreground" "-no-remote" "-profile" "C:\\Users\\Elie\\AppData\\Local\\Temp\\rust_mozprofileR2L3mq"
console.warn: SearchSettings: "get: No settings file exists, new profile?" (new Error("", "(unknown module)"))
1614704038119	Marionette	INFO	Listening on port 63337
1614704038501	Marionette	WARN	TLS certificate errors will be ignored for this session
1614704748989	Marionette	INFO	Stopped listening on port 63337

###!!! [Child][RunMessage] Error: Channel closing: too late to send/recv, messages will be lost

1614704914744	geckodriver	INFO	Listening on 127.0.0.1:63962
1614704917933	mozrunner::runner	INFO	Running command: "C:\\Program Files\\Mozilla Firefox\\firefox.exe" "--marionette" "-foreground" "-no-remote" "-profile" "C:\\Users\\Elie\\AppData\\Local\\Temp\\rust_mozprofile2WiHKL"
JavaScript error: resource://activity-stream/lib/ASRouterNewTabHook.jsm, line 61: TypeError: this._router is null
JavaScript error: resource:///modules/sessionstore/SessionCookies.jsm, line 198: NS_ERROR_NOT_AVAILABLE: Component returned failure code: 0x80040111 (NS_ERROR_NOT_AVAILABLE) [nsICookieManager.sessionCookies]
JavaScript error: resource://gre/modules/AsyncShutdown.jsm, line 573: uncaught exception: Object
1614705661049	geckodriver	INFO	Listening on 127.0.0.1:64573
1614705663750	mozrunner::runner	INFO	Running command: "C:\\Program Files\\Mozilla Firefox\\firefox.exe" "--marionette" "-foreground" "-no-remote" "-profile" "C:\\Users\\Elie\\AppData\\Local\\Temp\\rust_mozprofilecGJdTp"
1614705664483	geckodriver	INFO	Listening on 127.0.0.1:64587
1614705667232	mozrunner::runner	INFO	Running command: "C:\\Program Files\\Mozilla Firefox\\firefox.exe" "--marionette" "-foreground" "-no-remote" "-profile" "C:\\Users\\Elie\\AppData\\Local\\Temp\\rust_mozprofileb5u1Mz"
1614705726818	geckodriver	INFO	Listening on 127.0.0.1:64653
1614705730013	mozrunner::runner	INFO	Running command: "C:\\Program Files\\Mozilla Firefox\\firefox.exe" "--marionette" "-foreground" "-no-remote" "-profile" "C:\\Users\\Elie\\AppData\\Local\\Temp\\rust_mozprofileK37Tqt"
console.warn: SearchSettings: "get: No settings file exists, new profile?" (new Error("", "(unknown module)"))
1614705785851	Marionette	INFO	Listening on port 64661
1614705786798	Marionette	WARN	TLS certificate errors will be ignored for this session
JavaScript error: , line 0: NS_ERROR_NOT_AVAILABLE
1614715678979	Marionette	INFO	Stopped listening on port 64661
JavaScript error: resource:///modules/sessionstore/SessionStore.jsm, line 5200: NS_ERROR_UNEXPECTED: Component returned failure code: 0x8000ffff (NS_ERROR_UNEXPECTED) [nsIWindowMediator.getEnumerator]
